<?xml version="1.0" encoding="UTF-8"?>
<!-- Generated by org.testng.reporters.JUnitReportReporter -->
<testsuite hostname="Lenova" failures="0" tests="2" name="testng.FirstTest" time="0.008" errors="0" timestamp="2024-01-19T01:29:17 IST" skipped="0">
  <testcase classname="testng.FirstTest" name="Demo" time="0.007"/>
  <testcase classname="testng.FirstTest" name="Demo1" time="0.001"/>
</testsuite> <!-- testng.FirstTest -->
