<?xml version="1.0" encoding="UTF-8"?>
<!-- Generated by org.testng.reporters.JUnitReportReporter -->
<testsuite hostname="Lenova" failures="0" tests="2" name="testng1.DataProvider1" time="23.457" errors="0" timestamp="24 Mar 2024 05:16:03 GMT" skipped="0">
  <testcase classname="testng1.DataProvider1" name="TestLogin" time="7.979"/>
  <testcase classname="testng1.DataProvider1" name="TestLogin" time="15.478"/>
</testsuite> <!-- testng1.DataProvider1 -->
