<?xml version="1.0" encoding="UTF-8"?>
<!-- Generated by org.testng.reporters.JUnitReportReporter -->
<testsuite hostname="Lenova" failures="0" tests="1" name="testng.day1" time="0.003" errors="0" timestamp="2024-01-19T01:29:17 IST" skipped="0">
  <testcase classname="testng.day1" name="demo3" time="0.003"/>
</testsuite> <!-- testng.day1 -->
